<?xml version="1.0" encoding="UTF-8"?>
<!-- Generated by org.testng.reporters.JUnitXMLReporter -->
<testsuite hostname="Aams-MacBook-Pro-2.local" name="Surefire test" tests="9" failures="0" timestamp="18 Aug 2016 05:59:06 GMT" time="67.875" errors="0">
  <testcase name="kewordSearcharray" time="3.408" classname="com.kargo.test.KeywordTest"/>
  <testcase name="kewordSearcharray" time="3.222" classname="com.kargo.test.KeywordTest"/>
  <testcase name="kewordSearcharray" time="2.993" classname="com.kargo.test.KeywordTest"/>
  <testcase name="kewordSearcharray" time="3.031" classname="com.kargo.test.KeywordTest"/>
  <testcase name="search" time="5.892" classname="com.kargo.test.KeywordTest"/>
  <testcase name="search" time="6.187" classname="com.kargo.test.KeywordTest"/>
  <testcase name="search" time="5.981" classname="com.kargo.test.KeywordTest"/>
  <testcase name="search" time="6.031" classname="com.kargo.test.KeywordTest"/>
  <testcase name="searchforkargo" time="11.195" classname="com.kargo.test.KeywordTest"/>
</testsuite> <!-- Surefire test -->
